  Face.cpp
  Main.cpp
Main.cpp(223): warning C4101: 'numIterations': unreferenced local variable
  MeshObject.cpp
MeshObject.cpp(183): warning C4018: '<': signed/unsigned mismatch
MeshObject.cpp(191): warning C4018: '<': signed/unsigned mismatch
MeshObject.cpp(205): warning C4018: '>=': signed/unsigned mismatch
MeshObject.cpp(283): warning C4018: '>=': signed/unsigned mismatch
MeshObject.cpp(427): warning C4018: '<': signed/unsigned mismatch
  Vertex.cpp
Vertex.cpp(132): warning C4018: '<': signed/unsigned mismatch
Vertex.cpp(134): warning C4018: '<': signed/unsigned mismatch
Vertex.cpp(143): warning C4018: '<': signed/unsigned mismatch
Vertex.cpp(202): warning C4018: '<': signed/unsigned mismatch
  Generating code
  2 of 913 functions ( 0.2%) were compiled, the rest were copied from previous compilation.
    0 functions were new in current compilation
    25 functions had inline decision re-evaluated but remain unchanged
  Finished generating code
  MeshSimplifier.vcxproj -> C:\Users\Cody\Documents\repo\MeshSimplifierProject\MeshSimplifier\Release\MeshSimplifier.exe
  MeshSimplifier.vcxproj -> C:\Users\Cody\Documents\repo\MeshSimplifierProject\MeshSimplifier\Release\MeshSimplifier.pdb (Full PDB)
